
#######################################################
 phylobayes
  g++ -c -Wall -O3   PB.cpp
PB.cpp: In function 'int main(int, char**)':
PB.cpp:1076:22: error: cannot call constructor 'Random::Random' directly [-fpermissive]
PB.cpp:1076:22: error:   for a function-style cast, remove the redundant '::Random' [-fpermissive]
make[1]: *** [PB.o] Error 1
make[1]: Leaving directory `/home/newtong/work/mbb-bio-roll/phylobayes/BUILD/phylobayes-3.3b/sources'
error: Bad exit status from /var/tmp/rpm-tmp.arUGZ3 (%build)


RPM build errors:
    Bad exit status from /var/tmp/rpm-tmp.arUGZ3 (%build)
make: *** [RPMS] Error 1

#######################################################
cdhit 
g++ -O2 -fopenmp cdhit-common.c++ -c
In file included from cdhit-common.c++:28:0:
cdhit-common.h: In instantiation of 'void Vector<TYPE>::Append(const TYPE&) [with TYPE = NVector<long int>]':
cdhit-common.c++:704:27:   required from here
cdhit-common.h:95:4: error: 'push_back' was not declared in this scope, and no declarations were found by argument-dependent lookup at the point of instantiation [-fpermissive]
cdhit-common.h:95:4: note: declarations in dependent base 'std::vector<NVector<long int>, std::allocator<NVector<long int> > >' are not found by unqualified lookup
cdhit-common.h:95:4: note: use 'this->push_back' instead
cdhit-common.h: In instantiation of 'void Vector<TYPE>::Append(const TYPE&) [with TYPE = NVector<int>]':
cdhit-common.c++:705:25:   required from here
cdhit-common.h:95:4: error: 'push_back' was not declared in this scope, and no declarations were found by argument-dependent lookup at the point of instantiation [-fpermissive]
cdhit-common.h:95:4: note: declarations in dependent base 'std::vector<NVector<int>, std::allocator<NVector<int> > >' are not found by unqualified lookup
cdhit-common.h:95:4: note: use 'this->push_back' instead
cdhit-common.h: In instantiation of 'void Vector<TYPE>::Append(const TYPE&) [with TYPE = Sequence*]':
cdhit-common.c++:1249:24:   required from here
cdhit-common.h:95:4: error: 'push_back' was not declared in this scope, and no declarations were found by argument-dependent lookup at the point of instantiation [-fpermissive]
cdhit-common.h:95:4: note: declarations in dependent base 'std::vector<Sequence*, std::allocator<Sequence*> >' are not found by unqualified lookup
cdhit-common.h:95:4: note: use 'this->push_back' instead
cdhit-common.h: In instantiation of 'void Vector<TYPE>::Append(const TYPE&) [with TYPE = int]':
cdhit-common.c++:1897:26:   required from here
cdhit-common.h:95:4: error: 'push_back' was not declared in this scope, and no declarations were found by argument-dependent lookup at the point of instantiation [-fpermissive]
cdhit-common.h:95:4: note: declarations in dependent base 'std::vector<int, std::allocator<int> >' are not found by unqualified lookup
cdhit-common.h:95:4: note: use 'this->push_back' instead
make[2]: *** [cdhit-common.o] Error 1
make[2]: Leaving directory `/home/newtong/work/mbb-bio/mbb-bio/cdhit/BUILD/cd-hit-otu-454-0.0.2/cd-hit-v4.5.5-2011-03-31'
error: Bad exit status from /var/tmp/rpm-tmp.HqutxM (%build)


sga <-- bamtools, sparshehash hoard
